<?xml version="1.0" encoding="UTF-8"?>
<!-- Generated by org.testng.reporters.JUnitXMLReporter -->
<testsuite hostname="SHWETA" ignored="0" name="Default test" tests="6" failures="0" timestamp="08 Apr 2020 03:46:35 GMT" time="217.332" errors="0">
  <testcase name="verifyContactsPageLabel" time="0.719" classname="com.crm.qa.testcases.ContactsPageTest"/>
  <testcase name="selectSingleContactsTest" time="0.277" classname="com.crm.qa.testcases.ContactsPageTest"/>
  <testcase name="selectMultipleContactsTest" time="0.561" classname="com.crm.qa.testcases.ContactsPageTest"/>
  <testcase name="validateCreateNewContact" time="3.973" classname="com.crm.qa.testcases.ContactsPageTest"/>
  <testcase name="validateCreateNewContact" time="5.211" classname="com.crm.qa.testcases.ContactsPageTest"/>
  <testcase name="validateCreateNewContact" time="3.502" classname="com.crm.qa.testcases.ContactsPageTest"/>
</testsuite> <!-- Default test -->
